[2018-12-26 18:09:13] Текст ошибки:
        Not found | Файл: H:\watches.my\public\index.php | Строка: 14
=====================
[2018-12-26 18:10:08] Текст ошибки:
        Not found | Файл: H:\watches.my\public\index.php | Строка: 14
=====================
[2018-12-26 18:10:13] Текст ошибки:
        Not found | Файл: H:\watches.my\public\index.php | Строка: 14
=====================
[2018-12-26 18:18:35] Текст ошибки:
        Not found | Файл: H:\watches.my\public\index.php | Строка: 14
=====================
[2018-12-26 18:18:35] Текст ошибки:
        Not found | Файл: H:\watches.my\public\index.php | Строка: 14
=====================
[2018-12-26 18:19:29] Текст ошибки:
        Not found | Файл: H:\watches.my\public\index.php | Строка: 14
=====================
[2018-12-26 18:20:08] Текст ошибки:
        Not found | Файл: H:\watches.my\public\index.php | Строка: 14
=====================
[2018-12-26 18:21:27] Текст ошибки:
        Not found | Файл: H:\watches.my\public\index.php | Строка: 14
=====================
[2018-12-26 18:21:30] Текст ошибки:
        Not found | Файл: H:\watches.my\public\index.php | Строка: 14
=====================
[2018-12-26 18:21:30] Текст ошибки:
        Not found | Файл: H:\watches.my\public\index.php | Строка: 14
=====================
[2018-12-26 18:24:06] Текст ошибки:
        Not found | Файл: H:\watches.my\public\index.php | Строка: 14
=====================
[2018-12-26 18:29:18] Текст ошибки:
        Not found | Файл: H:\watches.my\public\index.php | Строка: 14
=====================
[2018-12-26 18:29:26] Текст ошибки:
        Not found | Файл: H:\watches.my\public\index.php | Строка: 14
=====================
[2018-12-26 18:31:58] Текст ошибки:
        Not found | Файл: H:\watches.my\public\index.php | Строка: 14
=====================
[2018-12-26 18:32:18] Текст ошибки:
        Not found | Файл: H:\watches.my\public\index.php | Строка: 14
=====================
[2018-12-29 17:45:53] Текст ошибки:
        Not found | Файл: H:\watches.my\public\index.php | Строка: 14
=====================
[2018-12-29 17:45:53] Текст ошибки:
        Not found | Файл: H:\watches.my\public\index.php | Строка: 14
=====================
[2018-12-30 08:02:34] Текст ошибки:
        Страница не найдена. | Файл: H:\watches.my\vendor\ishop\core\Router.php | Строка: 51
=====================
[2018-12-30 08:05:09] Текст ошибки:
        Метод app\controllers\MainController::indexAction не найдена. | Файл: H:\watches.my\vendor\ishop\core\Router.php | Строка: 48
=====================
[2019-04-04 08:04:41] Текст ошибки:
        Страница не найдена. | Файл: C:\Users\QA\PhpstormProjects\cms\vendor\ishop\core\Router.php | Строка: 57
=====================
[2019-04-04 08:04:44] Текст ошибки:
        Страница не найдена. | Файл: C:\Users\QA\PhpstormProjects\cms\vendor\ishop\core\Router.php | Строка: 57
=====================
[2019-04-04 08:04:44] Текст ошибки:
        Страница не найдена. | Файл: C:\Users\QA\PhpstormProjects\cms\vendor\ishop\core\Router.php | Строка: 57
=====================
[2019-04-04 09:16:43] Текст ошибки:
        Страница не найдена. | Файл: C:\Users\QA\PhpstormProjects\cms\vendor\ishop\core\Router.php | Строка: 52
=====================
[2019-04-04 09:18:12] Текст ошибки:
        Контроллер app\controllers\PagesController не найдена. | Файл: C:\Users\QA\PhpstormProjects\cms\vendor\ishop\core\Router.php | Строка: 48
=====================
[2019-04-04 09:18:26] Текст ошибки:
        Метод app\controllers\PageController::indexAction не найдена. | Файл: C:\Users\QA\PhpstormProjects\cms\vendor\ishop\core\Router.php | Строка: 44
=====================
[2019-04-04 09:23:54] Текст ошибки:
        Метод app\controllers\PageController::indexAction не найдена. | Файл: C:\Users\QA\PhpstormProjects\cms\vendor\ishop\core\Router.php | Строка: 44
=====================
[2019-04-04 09:41:42] Текст ошибки:
        Метод app\controllers\PageController::indexAction не найдена. | Файл: C:\Users\QA\PhpstormProjects\cms\vendor\ishop\core\Router.php | Строка: 44
=====================
[2019-04-04 09:42:33] Текст ошибки:
        Call to undefined method app\controllers\PageController::getView() | Файл: C:\Users\QA\PhpstormProjects\cms\vendor\ishop\core\Router.php | Строка: 42
=====================
[2019-04-04 09:44:00] Текст ошибки:
        Не найден вид C:\Users\QA\PhpstormProjects\cms/app/views/Page/view.php | Файл: C:\Users\QA\PhpstormProjects\cms\vendor\ishop\core\base\View.php | Строка: 45
=====================
[2019-04-04 09:44:18] Текст ошибки:
        Не найден вид C:\Users\QA\PhpstormProjects\cms/app/views/Page/view.php | Файл: C:\Users\QA\PhpstormProjects\cms\vendor\ishop\core\base\View.php | Строка: 45
=====================
[2019-04-04 09:51:30] Текст ошибки:
        Страница не найдена. | Файл: C:\Users\QA\PhpstormProjects\cms\vendor\ishop\core\Router.php | Строка: 52
=====================
[2019-04-04 09:51:30] Текст ошибки:
        Страница не найдена. | Файл: C:\Users\QA\PhpstormProjects\cms\vendor\ishop\core\Router.php | Строка: 52
=====================
[2019-04-04 09:51:30] Текст ошибки:
        Страница не найдена. | Файл: C:\Users\QA\PhpstormProjects\cms\vendor\ishop\core\Router.php | Строка: 52
=====================
[2019-04-04 09:51:30] Текст ошибки:
        Страница не найдена. | Файл: C:\Users\QA\PhpstormProjects\cms\vendor\ishop\core\Router.php | Строка: 52
=====================
[2019-04-04 09:51:31] Текст ошибки:
        Страница не найдена. | Файл: C:\Users\QA\PhpstormProjects\cms\vendor\ishop\core\Router.php | Строка: 52
=====================
[2019-04-04 09:51:31] Текст ошибки:
        Страница не найдена. | Файл: C:\Users\QA\PhpstormProjects\cms\vendor\ishop\core\Router.php | Строка: 52
=====================
[2019-04-04 09:51:31] Текст ошибки:
        Страница не найдена. | Файл: C:\Users\QA\PhpstormProjects\cms\vendor\ishop\core\Router.php | Строка: 52
=====================
[2019-04-04 09:51:31] Текст ошибки:
        Страница не найдена. | Файл: C:\Users\QA\PhpstormProjects\cms\vendor\ishop\core\Router.php | Строка: 52
=====================
[2019-04-04 09:51:31] Текст ошибки:
        Страница не найдена. | Файл: C:\Users\QA\PhpstormProjects\cms\vendor\ishop\core\Router.php | Строка: 52
=====================
[2019-04-04 09:51:32] Текст ошибки:
        Страница не найдена. | Файл: C:\Users\QA\PhpstormProjects\cms\vendor\ishop\core\Router.php | Строка: 52
=====================
[2019-04-04 09:51:32] Текст ошибки:
        Страница не найдена. | Файл: C:\Users\QA\PhpstormProjects\cms\vendor\ishop\core\Router.php | Строка: 52
=====================
[2019-04-04 09:51:32] Текст ошибки:
        Страница не найдена. | Файл: C:\Users\QA\PhpstormProjects\cms\vendor\ishop\core\Router.php | Строка: 52
=====================
[2019-04-04 09:51:32] Текст ошибки:
        Страница не найдена. | Файл: C:\Users\QA\PhpstormProjects\cms\vendor\ishop\core\Router.php | Строка: 52
=====================
[2019-04-04 09:51:32] Текст ошибки:
        Страница не найдена. | Файл: C:\Users\QA\PhpstormProjects\cms\vendor\ishop\core\Router.php | Строка: 52
=====================
[2019-04-04 09:51:33] Текст ошибки:
        Страница не найдена. | Файл: C:\Users\QA\PhpstormProjects\cms\vendor\ishop\core\Router.php | Строка: 52
=====================
[2019-04-04 09:51:33] Текст ошибки:
        Страница не найдена. | Файл: C:\Users\QA\PhpstormProjects\cms\vendor\ishop\core\Router.php | Строка: 52
=====================
[2019-04-04 09:51:33] Текст ошибки:
        Страница не найдена. | Файл: C:\Users\QA\PhpstormProjects\cms\vendor\ishop\core\Router.php | Строка: 52
=====================
[2019-04-04 09:51:46] Текст ошибки:
        Контроллер app\controllers\AsfdController не найдена. | Файл: C:\Users\QA\PhpstormProjects\cms\vendor\ishop\core\Router.php | Строка: 48
=====================
[2019-04-04 10:50:52] Текст ошибки:
        Страница не найдена. | Файл: C:\Users\QA\PhpstormProjects\cms\vendor\ishop\core\Router.php | Строка: 52
=====================
[2019-04-04 10:52:18] Текст ошибки:
        Страница не найдена. | Файл: C:\Users\QA\PhpstormProjects\cms\vendor\ishop\core\Router.php | Строка: 52
=====================
[2019-04-04 10:57:21] Текст ошибки:
        Страница не найдена. | Файл: C:\Users\QA\PhpstormProjects\cms\vendor\ishop\core\Router.php | Строка: 52
=====================
[2019-04-04 10:58:31] Текст ошибки:
        Страница не найдена. | Файл: C:\Users\QA\PhpstormProjects\cms\vendor\ishop\core\Router.php | Строка: 52
=====================
[2019-04-04 11:02:28] Текст ошибки:
        Страница не найдена. | Файл: C:\Users\QA\PhpstormProjects\cms\vendor\ishop\core\Router.php | Строка: 52
=====================
[2019-04-04 11:03:41] Текст ошибки:
        Страница не найдена. | Файл: C:\Users\QA\PhpstormProjects\cms\vendor\ishop\core\Router.php | Строка: 52
=====================
[2019-04-04 11:29:07] Текст ошибки:
        Страница не найдена. | Файл: C:\Users\QA\PhpstormProjects\cms\vendor\ishop\core\Router.php | Строка: 53
=====================
